build/outputs/logs/manifest-merger-debug-report.txt
-- Merging decision tree log ---
manifest
ADDED from ggsddu\AndroidManifest.xml:2:1-171:12
	package
		ADDED from ggsddu\AndroidManifest.xml:3:5-33
	android:versionName
		ADDED from ggsddu\AndroidManifest.xml:5:5-30
		INJECTED from ggsddu\AndroidManifest.xml
		INJECTED from ggsddu\AndroidManifest.xml
	android:versionCode
		ADDED from ggsddu\AndroidManifest.xml:4:5-28
		INJECTED from ggsddu\AndroidManifest.xml
		INJECTED from ggsddu\AndroidManifest.xml
	xmlns:android
		ADDED from ggsddu\AndroidManifest.xml:2:11-69
uses-sdk
ADDED from ggsddu\AndroidManifest.xml:7:5-9:41
	android:targetSdkVersion
		ADDED from ggsddu\AndroidManifest.xml:9:9-38
	android:minSdkVersion
		ADDED from ggsddu\AndroidManifest.xml:8:9-35
uses-permission#android.permission.INTERNET
ADDED from ggsddu\AndroidManifest.xml:11:5-67
	android:name
		ADDED from ggsddu\AndroidManifest.xml:11:22-64
uses-permission#android.permission.RECORD_AUDIO
ADDED from ggsddu\AndroidManifest.xml:12:5-71
	android:name
		ADDED from ggsddu\AndroidManifest.xml:12:22-68
uses-permission#android.permission.WRITE_EXTERNAL_STORAGE
ADDED from ggsddu\AndroidManifest.xml:13:5-81
	android:name
		ADDED from ggsddu\AndroidManifest.xml:13:22-78
uses-permission#android.permission.READ_EXTERNAL_STORAGE
ADDED from ggsddu\AndroidManifest.xml:14:5-80
	android:name
		ADDED from ggsddu\AndroidManifest.xml:14:22-77
uses-permission#android.permission.MOUNT_UNMOUNT_FILESYSTEMS
ADDED from ggsddu\AndroidManifest.xml:15:5-84
	android:name
		ADDED from ggsddu\AndroidManifest.xml:15:22-81
uses-permission#android.permission.VIBRATE
ADDED from ggsddu\AndroidManifest.xml:16:5-66
	android:name
		ADDED from ggsddu\AndroidManifest.xml:16:22-63
uses-permission#android.permission.CAMERA
ADDED from ggsddu\AndroidManifest.xml:17:5-65
	android:name
		ADDED from ggsddu\AndroidManifest.xml:17:22-62
uses-feature#android.hardware.camera
ADDED from ggsddu\AndroidManifest.xml:19:5-60
	android:name
		ADDED from ggsddu\AndroidManifest.xml:19:19-57
uses-feature#android.hardware.camera.autofocus
ADDED from ggsddu\AndroidManifest.xml:20:5-70
	android:name
		ADDED from ggsddu\AndroidManifest.xml:20:19-67
uses-permission#android.permission.ACCESS_NETWORK_STATE
ADDED from ggsddu\AndroidManifest.xml:24:5-79
	android:name
		ADDED from ggsddu\AndroidManifest.xml:24:22-76
uses-permission#com.android.launcher.permission.READ_SETTINGS
ADDED from ggsddu\AndroidManifest.xml:26:5-85
	android:name
		ADDED from ggsddu\AndroidManifest.xml:26:22-82
uses-permission#android.permission.WAKE_LOCK
ADDED from ggsddu\AndroidManifest.xml:27:5-68
	android:name
		ADDED from ggsddu\AndroidManifest.xml:27:22-65
uses-permission#android.permission.CHANGE_WIFI_STATE
ADDED from ggsddu\AndroidManifest.xml:28:5-76
	android:name
		ADDED from ggsddu\AndroidManifest.xml:28:22-73
uses-permission#android.permission.ACCESS_WIFI_STATE
ADDED from ggsddu\AndroidManifest.xml:29:5-76
	android:name
		ADDED from ggsddu\AndroidManifest.xml:29:22-73
uses-permission#android.permission.GET_TASKS
ADDED from ggsddu\AndroidManifest.xml:30:5-68
	android:name
		ADDED from ggsddu\AndroidManifest.xml:30:22-65
uses-permission#android.permission.WRITE_SETTINGS
ADDED from ggsddu\AndroidManifest.xml:32:5-73
	android:name
		ADDED from ggsddu\AndroidManifest.xml:32:22-70
uses-permission#android.permission.READ_PHONE_STATE
ADDED from ggsddu\AndroidManifest.xml:34:5-75
	android:name
		ADDED from ggsddu\AndroidManifest.xml:34:22-72
uses-permission#android.permission.ACCESS_FINE_LOCATION
ADDED from ggsddu\AndroidManifest.xml:37:5-79
	android:name
		ADDED from ggsddu\AndroidManifest.xml:37:22-76
uses-permission#android.permission.ACCESS_COARSE_LOCATION
ADDED from ggsddu\AndroidManifest.xml:38:5-81
	android:name
		ADDED from ggsddu\AndroidManifest.xml:38:22-78
uses-permission#android.permission.SYSTEM_ALERT_WINDOW
ADDED from ggsddu\AndroidManifest.xml:46:5-78
	android:name
		ADDED from ggsddu\AndroidManifest.xml:46:22-75
application
ADDED from ggsddu\AndroidManifest.xml:62:5-169:19
	android:label
		ADDED from ggsddu\AndroidManifest.xml:66:9-41
	android:allowBackup
		ADDED from ggsddu\AndroidManifest.xml:64:9-35
	android:icon
		ADDED from ggsddu\AndroidManifest.xml:65:9-38
	android:theme
		ADDED from ggsddu\AndroidManifest.xml:67:9-40
	android:name
		ADDED from ggsddu\AndroidManifest.xml:63:9-46
meta-data#com.baidu.lbsapi.API_KEY
ADDED from ggsddu\AndroidManifest.xml:68:9-70:64
	android:value
		ADDED from ggsddu\AndroidManifest.xml:70:13-61
	android:name
		ADDED from ggsddu\AndroidManifest.xml:69:13-52
meta-data#com.amap.api.v2.apikey
ADDED from ggsddu\AndroidManifest.xml:71:9-73:64
	android:value
		ADDED from ggsddu\AndroidManifest.xml:73:13-61
	android:name
		ADDED from ggsddu\AndroidManifest.xml:72:13-50
activity#com.example.ggsddu.MainActivity
ADDED from ggsddu\AndroidManifest.xml:75:9-84:20
	android:label
		ADDED from ggsddu\AndroidManifest.xml:77:13-45
	android:name
		ADDED from ggsddu\AndroidManifest.xml:76:13-41
intent-filter#android.intent.action.MAIN+android.intent.category.LAUNCHER
ADDED from ggsddu\AndroidManifest.xml:78:13-83:29
action#android.intent.action.MAIN
ADDED from ggsddu\AndroidManifest.xml:79:17-69
	android:name
		ADDED from ggsddu\AndroidManifest.xml:79:25-66
category#android.intent.category.LAUNCHER
ADDED from ggsddu\AndroidManifest.xml:82:17-77
	android:name
		ADDED from ggsddu\AndroidManifest.xml:82:27-74
activity#com.mob.tools.MobUIShell
ADDED from ggsddu\AndroidManifest.xml:87:9-117:20
	android:windowSoftInputMode
		ADDED from ggsddu\AndroidManifest.xml:91:13-67
	android:configChanges
		ADDED from ggsddu\AndroidManifest.xml:89:13-74
	android:theme
		ADDED from ggsddu\AndroidManifest.xml:90:13-72
	android:name
		ADDED from ggsddu\AndroidManifest.xml:88:13-52
intent-filter#android.intent.action.VIEW+android.intent.category.BROWSABLE+android.intent.category.DEFAULT
ADDED from ggsddu\AndroidManifest.xml:92:13-99:29
data
ADDED from ggsddu\AndroidManifest.xml:93:17-59
	android:scheme
		ADDED from ggsddu\AndroidManifest.xml:93:23-56
action#android.intent.action.VIEW
ADDED from ggsddu\AndroidManifest.xml:95:17-69
	android:name
		ADDED from ggsddu\AndroidManifest.xml:95:25-66
category#android.intent.category.BROWSABLE
ADDED from ggsddu\AndroidManifest.xml:97:17-78
	android:name
		ADDED from ggsddu\AndroidManifest.xml:97:27-75
category#android.intent.category.DEFAULT
ADDED from ggsddu\AndroidManifest.xml:98:17-76
	android:name
		ADDED from ggsddu\AndroidManifest.xml:98:27-73
intent-filter#android.intent.category.DEFAULT+com.sina.weibo.sdk.action.ACTION_SDK_REQ_ACTIVITY
ADDED from ggsddu\AndroidManifest.xml:102:13-106:29
action#com.sina.weibo.sdk.action.ACTION_SDK_REQ_ACTIVITY
ADDED from ggsddu\AndroidManifest.xml:103:17-92
	android:name
		ADDED from ggsddu\AndroidManifest.xml:103:25-89
meta-data#Mob-AppKey
ADDED from ggsddu\AndroidManifest.xml:119:9-121:45
	android:value
		ADDED from ggsddu\AndroidManifest.xml:121:13-42
	android:name
		ADDED from ggsddu\AndroidManifest.xml:120:13-38
meta-data#Mob-AppSecret
ADDED from ggsddu\AndroidManifest.xml:122:9-124:64
	android:value
		ADDED from ggsddu\AndroidManifest.xml:124:13-61
	android:name
		ADDED from ggsddu\AndroidManifest.xml:123:13-41
activity#com.example.ggsddu.ViewHolderTestActivity
ADDED from ggsddu\AndroidManifest.xml:126:9-127:20
	android:name
		ADDED from ggsddu\AndroidManifest.xml:126:19-57
activity#com.example.ggsddu.SqliteTestActivity
ADDED from ggsddu\AndroidManifest.xml:128:9-129:20
	android:name
		ADDED from ggsddu\AndroidManifest.xml:128:19-53
activity#com.example.ggsddu.CustomViewTestActivity
ADDED from ggsddu\AndroidManifest.xml:130:9-131:20
	android:name
		ADDED from ggsddu\AndroidManifest.xml:130:19-57
activity#com.example.ggsddu.ViewPagerTestActivity
ADDED from ggsddu\AndroidManifest.xml:132:9-133:20
	android:name
		ADDED from ggsddu\AndroidManifest.xml:132:19-56
activity#com.example.ggsddu.WeixinChatPageTestActivity
ADDED from ggsddu\AndroidManifest.xml:134:9-135:20
	android:name
		ADDED from ggsddu\AndroidManifest.xml:134:19-61
activity#com.example.ggsddu.RecyclerViewTestActivity
ADDED from ggsddu\AndroidManifest.xml:136:9-137:20
	android:name
		ADDED from ggsddu\AndroidManifest.xml:136:19-59
activity#com.example.ggsddu.AdapterProTestActivity
ADDED from ggsddu\AndroidManifest.xml:138:9-139:20
	android:name
		ADDED from ggsddu\AndroidManifest.xml:138:19-57
activity#com.example.ggsddu.AnimationsTestActivity
ADDED from ggsddu\AndroidManifest.xml:140:9-141:20
	android:name
		ADDED from ggsddu\AndroidManifest.xml:140:19-57
activity#com.example.ggsddu.WebViewTestActivity
ADDED from ggsddu\AndroidManifest.xml:142:9-143:20
	android:name
		ADDED from ggsddu\AndroidManifest.xml:142:19-54
activity#com.example.ggsddu.BaiduMapTestActivity
ADDED from ggsddu\AndroidManifest.xml:144:9-145:20
	android:name
		ADDED from ggsddu\AndroidManifest.xml:144:19-55
activity#com.example.ggsddu.MobTestActivity
ADDED from ggsddu\AndroidManifest.xml:146:9-147:20
	android:name
		ADDED from ggsddu\AndroidManifest.xml:146:19-50
activity#com.example.ggsddu.DownloadTestActivity
ADDED from ggsddu\AndroidManifest.xml:148:9-149:20
	android:name
		ADDED from ggsddu\AndroidManifest.xml:148:19-55
activity#com.example.ggsddu.PinTuActivity
ADDED from ggsddu\AndroidManifest.xml:150:9-151:20
	android:name
		ADDED from ggsddu\AndroidManifest.xml:150:19-48
activity#com.example.ggsddu.MeidaPlayerTestActivity
ADDED from ggsddu\AndroidManifest.xml:152:9-153:20
	android:name
		ADDED from ggsddu\AndroidManifest.xml:152:19-58
activity#com.example.ggsddu.VideoViewTestActivity
ADDED from ggsddu\AndroidManifest.xml:154:9-155:20
	android:name
		ADDED from ggsddu\AndroidManifest.xml:154:19-56
activity#com.example.ggsddu.CarouselImagesActivity
ADDED from ggsddu\AndroidManifest.xml:156:9-157:20
	android:name
		ADDED from ggsddu\AndroidManifest.xml:156:19-57
activity#com.example.ggsddu.HistogramActivity
ADDED from ggsddu\AndroidManifest.xml:158:9-159:20
	android:name
		ADDED from ggsddu\AndroidManifest.xml:158:19-52
activity#com.example.ggsddu.TouchTestActivity
ADDED from ggsddu\AndroidManifest.xml:160:9-161:20
	android:name
		ADDED from ggsddu\AndroidManifest.xml:160:19-52
activity#com.example.ggsddu.FreeStyleActivity
ADDED from ggsddu\AndroidManifest.xml:162:9-163:20
	android:name
		ADDED from ggsddu\AndroidManifest.xml:162:19-52
activity#com.example.ggsddu.GaodeMapActivity
ADDED from ggsddu\AndroidManifest.xml:164:9-165:20
	android:name
		ADDED from ggsddu\AndroidManifest.xml:164:19-51
service#com.example.ggsddu.service.DownloadService
ADDED from ggsddu\AndroidManifest.xml:167:9-168:19
	android:name
		ADDED from ggsddu\AndroidManifest.xml:167:18-57